{"/Users/yuanzhijia/Desktop/yideng-interface/src/utils/index.ts": {"path":"/Users/yuanzhijia/Desktop/yideng-interface/src/utils/index.ts","statementMap":{"0":{"start":{"line":1,"column":13},"end":{"line":1,"column":70}},"1":{"start":{"line":1,"column":99},"end":{"line":1,"column":185}},"2":{"start":{"line":1,"column":119},"end":{"line":1,"column":185}},"3":{"start":{"line":1,"column":186},"end":{"line":1,"column":299}},"4":{"start":{"line":1,"column":234},"end":{"line":1,"column":260}},"5":{"start":{"line":1,"column":281},"end":{"line":1,"column":295}},"6":{"start":{"line":1,"column":331},"end":{"line":1,"column":362}},"7":{"start":{"line":1,"column":363},"end":{"line":1,"column":397}},"8":{"start":{"line":1,"column":384},"end":{"line":1,"column":395}},"9":{"start":{"line":1,"column":397},"end":{"line":1,"column":408}},"10":{"start":{"line":1,"column":435},"end":{"line":1,"column":788}},"11":{"start":{"line":1,"column":473},"end":{"line":1,"column":494}},"12":{"start":{"line":1,"column":485},"end":{"line":1,"column":494}},"13":{"start":{"line":1,"column":494},"end":{"line":1,"column":551}},"14":{"start":{"line":1,"column":536},"end":{"line":1,"column":550}},"15":{"start":{"line":1,"column":570},"end":{"line":1,"column":619}},"16":{"start":{"line":1,"column":632},"end":{"line":1,"column":665}},"17":{"start":{"line":1,"column":676},"end":{"line":1,"column":706}},"18":{"start":{"line":1,"column":720},"end":{"line":1,"column":752}},"19":{"start":{"line":1,"column":753},"end":{"line":1,"column":787}},"20":{"start":{"line":1,"column":817},"end":{"line":1,"column":879}},"21":{"start":{"line":1,"column":862},"end":{"line":1,"column":879}},"22":{"start":{"line":1,"column":879},"end":{"line":1,"column":894}}},"fnMap":{"0":{"name":"_export","decl":{"start":{"line":1,"column":79},"end":{"line":1,"column":86}},"loc":{"start":{"line":1,"column":98},"end":{"line":1,"column":186}},"line":1},"1":{"name":"(anonymous_1)","decl":{"start":{"line":1,"column":223},"end":{"line":1,"column":224}},"loc":{"start":{"line":1,"column":233},"end":{"line":1,"column":261}},"line":1},"2":{"name":"(anonymous_2)","decl":{"start":{"line":1,"column":270},"end":{"line":1,"column":271}},"loc":{"start":{"line":1,"column":280},"end":{"line":1,"column":296}},"line":1},"3":{"name":"_metamask","decl":{"start":{"line":1,"column":308},"end":{"line":1,"column":317}},"loc":{"start":{"line":1,"column":319},"end":{"line":1,"column":409}},"line":1},"4":{"name":"(anonymous_4)","decl":{"start":{"line":1,"column":373},"end":{"line":1,"column":374}},"loc":{"start":{"line":1,"column":383},"end":{"line":1,"column":396}},"line":1},"5":{"name":"(anonymous_5)","decl":{"start":{"line":1,"column":435},"end":{"line":1,"column":436}},"loc":{"start":{"line":1,"column":472},"end":{"line":1,"column":788}},"line":1},"6":{"name":"getName","decl":{"start":{"line":1,"column":798},"end":{"line":1,"column":805}},"loc":{"start":{"line":1,"column":816},"end":{"line":1,"column":895}},"line":1}},"branchMap":{"0":{"loc":{"start":{"line":1,"column":444},"end":{"line":1,"column":457}},"type":"default-arg","locations":[{"start":{"line":1,"column":456},"end":{"line":1,"column":457}}],"line":1},"1":{"loc":{"start":{"line":1,"column":458},"end":{"line":1,"column":469}},"type":"default-arg","locations":[{"start":{"line":1,"column":468},"end":{"line":1,"column":469}}],"line":1},"2":{"loc":{"start":{"line":1,"column":473},"end":{"line":1,"column":494}},"type":"if","locations":[{"start":{"line":1,"column":473},"end":{"line":1,"column":494}},{"start":{},"end":{}}],"line":1},"3":{"loc":{"start":{"line":1,"column":494},"end":{"line":1,"column":551}},"type":"if","locations":[{"start":{"line":1,"column":494},"end":{"line":1,"column":551}},{"start":{},"end":{}}],"line":1},"4":{"loc":{"start":{"line":1,"column":570},"end":{"line":1,"column":619}},"type":"cond-expr","locations":[{"start":{"line":1,"column":595},"end":{"line":1,"column":611}},{"start":{"line":1,"column":612},"end":{"line":1,"column":619}}],"line":1},"5":{"loc":{"start":{"line":1,"column":720},"end":{"line":1,"column":752}},"type":"cond-expr","locations":[{"start":{"line":1,"column":745},"end":{"line":1,"column":749}},{"start":{"line":1,"column":750},"end":{"line":1,"column":752}}],"line":1},"6":{"loc":{"start":{"line":1,"column":817},"end":{"line":1,"column":879}},"type":"if","locations":[{"start":{"line":1,"column":817},"end":{"line":1,"column":879}},{"start":{},"end":{}}],"line":1}},"s":{"0":1,"1":1,"2":2,"3":1,"4":15,"5":0,"6":0,"7":0,"8":0,"9":0,"10":1,"11":15,"12":3,"13":12,"14":1,"15":11,"16":11,"17":11,"18":11,"19":11,"20":0,"21":0,"22":0},"f":{"0":1,"1":15,"2":0,"3":0,"4":0,"5":15,"6":0},"b":{"0":[10],"1":[10],"2":[3,12],"3":[1,11],"4":[10,1],"5":[10,1],"6":[0,0]},"inputSourceMap":{"0":"{","1":"\"","2":"v","3":"e","4":"r","5":"s","6":"i","7":"o","8":"n","9":"\"","10":":","11":"3","12":",","13":"\"","14":"s","15":"o","16":"u","17":"r","18":"c","19":"e","20":"s","21":"\"","22":":","23":"[","24":"\"","25":"/","26":"U","27":"s","28":"e","29":"r","30":"s","31":"/","32":"y","33":"u","34":"a","35":"n","36":"z","37":"h","38":"i","39":"j","40":"i","41":"a","42":"/","43":"D","44":"e","45":"s","46":"k","47":"t","48":"o","49":"p","50":"/","51":"y","52":"i","53":"d","54":"e","55":"n","56":"g","57":"-","58":"i","59":"n","60":"t","61":"e","62":"r","63":"f","64":"a","65":"c","66":"e","67":"/","68":"s","69":"r","70":"c","71":"/","72":"u","73":"t","74":"i","75":"l","76":"s","77":"/","78":"i","79":"n","80":"d","81":"e","82":"x","83":".","84":"t","85":"s","86":"\"","87":"]","88":",","89":"\"","90":"s","91":"o","92":"u","93":"r","94":"c","95":"e","96":"s","97":"C","98":"o","99":"n","100":"t","101":"e","102":"n","103":"t","104":"\"","105":":","106":"[","107":"\"","108":"i","109":"m","110":"p","111":"o","112":"r","113":"t","114":" ","115":"{","116":" ","117":"M","118":"e","119":"t","120":"a","121":"M","122":"a","123":"s","124":"k","125":" ","126":"}","127":" ","128":"f","129":"r","130":"o","131":"m","132":" ","133":"'","134":"@","135":"w","136":"e","137":"b","138":"3","139":"-","140":"r","141":"e","142":"a","143":"c","144":"t","145":"/","146":"m","147":"e","148":"t","149":"a","150":"m","151":"a","152":"s","153":"k","154":"'","155":";","156":"\\","157":"n","158":"i","159":"m","160":"p","161":"o","162":"r","163":"t","164":" ","165":"t","166":"y","167":"p","168":"e","169":" ","170":"{","171":" ","172":"C","173":"o","174":"n","175":"n","176":"e","177":"c","178":"t","179":"o","180":"r","181":" ","182":"}","183":" ","184":"f","185":"r","186":"o","187":"m","188":" ","189":"'","190":"@","191":"w","192":"e","193":"b","194":"3","195":"-","196":"r","197":"e","198":"a","199":"c","200":"t","201":"/","202":"t","203":"y","204":"p","205":"e","206":"s","207":"'","208":";","209":"\\","210":"n","211":"e","212":"x","213":"p","214":"o","215":"r","216":"t","217":" ","218":"c","219":"o","220":"n","221":"s","222":"t","223":" ","224":"f","225":"o","226":"r","227":"m","228":"a","229":"t","230":"W","231":"a","232":"l","233":"l","234":"e","235":"t","236":"A","237":"d","238":"d","239":"r","240":"e","241":"s","242":"s","243":" ","244":"=","245":" ","246":"(","247":"\\","248":"n","249":" ","250":" ","251":"a","252":"d","253":"d","254":"r","255":"e","256":"s","257":"s","258":":","259":" ","260":"s","261":"t","262":"r","263":"i","264":"n","265":"g","266":",","267":"\\","268":"n","269":" ","270":" ","271":"s","272":"t","273":"a","274":"r","275":"t","276":"L","277":"e","278":"n","279":"g","280":"t","281":"h","282":":","283":" ","284":"n","285":"u","286":"m","287":"b","288":"e","289":"r","290":" ","291":"=","292":" ","293":"6","294":",","295":"\\","296":"n","297":" ","298":" ","299":"e","300":"n","301":"d","302":"L","303":"e","304":"n","305":"g","306":"t","307":"h","308":":","309":" ","310":"n","311":"u","312":"m","313":"b","314":"e","315":"r","316":" ","317":"=","318":" ","319":"4","320":"\\","321":"n","322":")","323":":","324":" ","325":"s","326":"t","327":"r","328":"i","329":"n","330":"g","331":" ","332":"=","333":">","334":" ","335":"{","336":"\\","337":"n","338":" ","339":" ","340":"i","341":"f","342":" ","343":"(","344":"!","345":"a","346":"d","347":"d","348":"r","349":"e","350":"s","351":"s","352":")","353":" ","354":"r","355":"e","356":"t","357":"u","358":"r","359":"n","360":" ","361":"'","362":"'","363":";","364":"\\","365":"n","366":"\\","367":"n","368":" ","369":" ","370":"/","371":"/","372":" ","373":"检","374":"查","375":"地","376":"址","377":"长","378":"度","379":"是","380":"否","381":"足","382":"够","383":"进","384":"行","385":"格","386":"式","387":"化","388":"\\","389":"n","390":" ","391":" ","392":"i","393":"f","394":" ","395":"(","396":"a","397":"d","398":"d","399":"r","400":"e","401":"s","402":"s","403":".","404":"l","405":"e","406":"n","407":"g","408":"t","409":"h","410":" ","411":"<","412":"=","413":" ","414":"s","415":"t","416":"a","417":"r","418":"t","419":"L","420":"e","421":"n","422":"g","423":"t","424":"h","425":" ","426":"+","427":" ","428":"e","429":"n","430":"d","431":"L","432":"e","433":"n","434":"g","435":"t","436":"h","437":")","438":" ","439":"{","440":"\\","441":"n","442":" ","443":" ","444":" ","445":" ","446":"r","447":"e","448":"t","449":"u","450":"r","451":"n","452":" ","453":"a","454":"d","455":"d","456":"r","457":"e","458":"s","459":"s","460":";","461":"\\","462":"n","463":" ","464":" ","465":"}","466":"\\","467":"n","468":"\\","469":"n","470":" ","471":" ","472":"/","473":"/","474":" ","475":"移","476":"除","477":"可","478":"能","479":"的","480":"前","481":"缀","482":"\\","483":"n","484":" ","485":" ","486":"c","487":"o","488":"n","489":"s","490":"t","491":" ","492":"c","493":"l","494":"e","495":"a","496":"n","497":"A","498":"d","499":"d","500":"r","501":"e","502":"s","503":"s","504":" ","505":"=","506":" ","507":"a","508":"d","509":"d","510":"r","511":"e","512":"s","513":"s","514":".","515":"s","516":"t","517":"a","518":"r","519":"t","520":"s","521":"W","522":"i","523":"t","524":"h","525":"(","526":"'","527":"0","528":"x","529":"'","530":")","531":" ","532":"?","533":" ","534":"a","535":"d","536":"d","537":"r","538":"e","539":"s","540":"s","541":".","542":"s","543":"l","544":"i","545":"c","546":"e","547":"(","548":"2","549":")","550":" ","551":":","552":" ","553":"a","554":"d","555":"d","556":"r","557":"e","558":"s","559":"s","560":";","561":"\\","562":"n","563":"\\","564":"n","565":" ","566":" ","567":"/","568":"/","569":" ","570":"获","571":"取","572":"起","573":"始","574":"和","575":"结","576":"束","577":"部","578":"分","579":"\\","580":"n","581":" ","582":" ","583":"c","584":"o","585":"n","586":"s","587":"t","588":" ","589":"s","590":"t","591":"a","592":"r","593":"t","594":" ","595":"=","596":" ","597":"c","598":"l","599":"e","600":"a","601":"n","602":"A","603":"d","604":"d","605":"r","606":"e","607":"s","608":"s","609":".","610":"s","611":"l","612":"i","613":"c","614":"e","615":"(","616":"0","617":",","618":" ","619":"s","620":"t","621":"a","622":"r","623":"t","624":"L","625":"e","626":"n","627":"g","628":"t","629":"h","630":")","631":";","632":"\\","633":"n","634":" ","635":" ","636":"c","637":"o","638":"n","639":"s","640":"t","641":" ","642":"e","643":"n","644":"d","645":" ","646":"=","647":" ","648":"c","649":"l","650":"e","651":"a","652":"n","653":"A","654":"d","655":"d","656":"r","657":"e","658":"s","659":"s","660":".","661":"s","662":"l","663":"i","664":"c","665":"e","666":"(","667":"-","668":"e","669":"n","670":"d","671":"L","672":"e","673":"n","674":"g","675":"t","676":"h","677":")","678":";","679":"\\","680":"n","681":"\\","682":"n","683":" ","684":" ","685":"/","686":"/","687":" ","688":"如","689":"果","690":"原","691":"地","692":"址","693":"有","694":"0","695":"x","696":"前","697":"缀","698":"，","699":"添","700":"加","701":"回","702":"去","703":"\\","704":"n","705":" ","706":" ","707":"c","708":"o","709":"n","710":"s","711":"t","712":" ","713":"p","714":"r","715":"e","716":"f","717":"i","718":"x","719":" ","720":"=","721":" ","722":"a","723":"d","724":"d","725":"r","726":"e","727":"s","728":"s","729":".","730":"s","731":"t","732":"a","733":"r","734":"t","735":"s","736":"W","737":"i","738":"t","739":"h","740":"(","741":"'","742":"0","743":"x","744":"'","745":")","746":" ","747":"?","748":" ","749":"'","750":"0","751":"x","752":"'","753":" ","754":":","755":" ","756":"'","757":"'","758":";","759":"\\","760":"n","761":"\\","762":"n","763":" ","764":" ","765":"r","766":"e","767":"t","768":"u","769":"r","770":"n","771":" ","772":"`","773":"$","774":"{","775":"p","776":"r","777":"e","778":"f","779":"i","780":"x","781":"}","782":"$","783":"{","784":"s","785":"t","786":"a","787":"r","788":"t","789":"}","790":".","791":".","792":".","793":"$","794":"{","795":"e","796":"n","797":"d","798":"}","799":"`","800":";","801":"\\","802":"n","803":"}","804":";","805":"\\","806":"n","807":"\\","808":"n","809":"e","810":"x","811":"p","812":"o","813":"r","814":"t","815":" ","816":"f","817":"u","818":"n","819":"c","820":"t","821":"i","822":"o","823":"n","824":" ","825":"g","826":"e","827":"t","828":"N","829":"a","830":"m","831":"e","832":"(","833":"c","834":"o","835":"n","836":"n","837":"e","838":"c","839":"t","840":"o","841":"r","842":":","843":" ","844":"C","845":"o","846":"n","847":"n","848":"e","849":"c","850":"t","851":"o","852":"r","853":")","854":" ","855":"{","856":"\\","857":"n","858":" ","859":" ","860":"i","861":"f","862":" ","863":"(","864":"c","865":"o","866":"n","867":"n","868":"e","869":"c","870":"t","871":"o","872":"r","873":" ","874":"i","875":"n","876":"s","877":"t","878":"a","879":"n","880":"c","881":"e","882":"o","883":"f","884":" ","885":"M","886":"e","887":"t","888":"a","889":"M","890":"a","891":"s","892":"k","893":")","894":" ","895":"r","896":"e","897":"t","898":"u","899":"r","900":"n","901":" ","902":"'","903":"M","904":"e","905":"t","906":"a","907":"M","908":"a","909":"s","910":"k","911":"'","912":";","913":"\\","914":"n","915":" ","916":" ","917":"r","918":"e","919":"t","920":"u","921":"r","922":"n","923":" ","924":"'","925":"U","926":"n","927":"k","928":"n","929":"o","930":"w","931":"n","932":"'","933":";","934":"\\","935":"n","936":"}","937":"\\","938":"n","939":"\"","940":"]","941":",","942":"\"","943":"n","944":"a","945":"m","946":"e","947":"s","948":"\"","949":":","950":"[","951":"\"","952":"f","953":"o","954":"r","955":"m","956":"a","957":"t","958":"W","959":"a","960":"l","961":"l","962":"e","963":"t","964":"A","965":"d","966":"d","967":"r","968":"e","969":"s","970":"s","971":"\"","972":",","973":"\"","974":"g","975":"e","976":"t","977":"N","978":"a","979":"m","980":"e","981":"\"","982":",","983":"\"","984":"a","985":"d","986":"d","987":"r","988":"e","989":"s","990":"s","991":"\"","992":",","993":"\"","994":"s","995":"t","996":"a","997":"r","998":"t","999":"L","1000":"e","1001":"n","1002":"g","1003":"t","1004":"h","1005":"\"","1006":",","1007":"\"","1008":"e","1009":"n","1010":"d","1011":"L","1012":"e","1013":"n","1014":"g","1015":"t","1016":"h","1017":"\"","1018":",","1019":"\"","1020":"l","1021":"e","1022":"n","1023":"g","1024":"t","1025":"h","1026":"\"","1027":",","1028":"\"","1029":"c","1030":"l","1031":"e","1032":"a","1033":"n","1034":"A","1035":"d","1036":"d","1037":"r","1038":"e","1039":"s","1040":"s","1041":"\"","1042":",","1043":"\"","1044":"s","1045":"t","1046":"a","1047":"r","1048":"t","1049":"s","1050":"W","1051":"i","1052":"t","1053":"h","1054":"\"","1055":",","1056":"\"","1057":"s","1058":"l","1059":"i","1060":"c","1061":"e","1062":"\"","1063":",","1064":"\"","1065":"s","1066":"t","1067":"a","1068":"r","1069":"t","1070":"\"","1071":",","1072":"\"","1073":"e","1074":"n","1075":"d","1076":"\"","1077":",","1078":"\"","1079":"p","1080":"r","1081":"e","1082":"f","1083":"i","1084":"x","1085":"\"","1086":",","1087":"\"","1088":"c","1089":"o","1090":"n","1091":"n","1092":"e","1093":"c","1094":"t","1095":"o","1096":"r","1097":"\"","1098":",","1099":"\"","1100":"M","1101":"e","1102":"t","1103":"a","1104":"M","1105":"a","1106":"s","1107":"k","1108":"\"","1109":"]","1110":",","1111":"\"","1112":"m","1113":"a","1114":"p","1115":"p","1116":"i","1117":"n","1118":"g","1119":"s","1120":"\"","1121":":","1122":"\"","1123":"2","1124":"M","1125":"A","1126":"E","1127":"a","1128":"A","1129":",","1130":"m","1131":"B","1132":"A","1133":"A","1134":"m","1135":"B","1136":",","1137":"m","1138":"B","1139":"A","1140":"A","1141":"n","1142":"B","1143":"A","1144":",","1145":"q","1146":"B","1147":"A","1148":"y","1149":"B","1150":"G","1151":"C","1152":",","1153":"O","1154":"A","1155":"A","1156":"O","1157":",","1158":"m","1159":"B","1160":"A","1161":"A","1162":"P","1163":"A","1164":",","1165":"m","1166":"D","1167":"A","1168":"3","1169":"B","1170":"S","1171":",","1172":"s","1173":"E","1174":"A","1175":"E","1176":"l","1177":"B","1178":",","1179":"M","1180":"A","1181":"A","1182":"M","1183":"D","1184":",","1185":"o","1186":"B","1187":"A","1188":"A","1189":"s","1190":"B","1191":",","1192":"C","1193":"A","1194":"C","1195":"j","1196":"C","1197":"E","1198":",","1199":"Q","1200":"A","1201":"C","1202":"A","1203":"C","1204":",","1205":"Y","1206":"A","1207":"A","1208":"s","1209":"B","1210":",","1211":"C","1212":"A","1213":"A","1214":"C","1215":",","1216":"C","1217":"A","1218":"C","1219":"v","1220":"B","1221":"C","1222":",","1223":"U","1224":"A","1225":"A","1226":"o","1227":"B","1228":",","1229":"C","1230":"A","1231":"A","1232":"C","1233":",","1234":"I","1235":"A","1236":"E","1237":"r","1238":"B","1239":",","1240":"G","1241":"A","1242":"A","1243":"I","1244":",","1245":"C","1246":"A","1247":"A","1248":"C","1249":"F","1250":",","1251":"Q","1252":"A","1253":"A","1254":"S","1255":",","1256":"M","1257":"A","1258":"A","1259":"O","1260":",","1261":"G","1262":"A","1263":"G","1264":"r","1265":"B","1266":",","1267":"G","1268":"A","1269":"A","1270":"I","1271":"A","1272":",","1273":"Q","1274":"A","1275":"A","1276":"Q","1277":"G","1278":",","1279":"M","1280":"A","1281":"A","1282":"M","1283":",","1284":"E","1285":"A","1286":"A","1287":"I","1288":"F","1289":",","1290":"Y","1291":"A","1292":"A","1293":"c","1294":"C","1295":",","1296":"U","1297":"A","1298":"A","1299":"W","1300":",","1301":"C","1302":"A","1303":"C","1304":"7","1305":"C","1306":",","1307":"O","1308":"A","1309":"A","1310":"O","1311":"F","1312":",","1313":"O","1314":"A","1315":"C","1316":"T","1317":",","1318":"C","1319":"A","1320":"G","1321":"A","1322":",","1323":"M","1324":"A","1325":"A","1326":"M","1327":"I","1328":",","1329":"a","1330":"A","1331":"A","1332":"e","1333":"J","1334":",","1335":"Q","1336":"A","1337":"A","1338":"Q","1339":"K","1340":",","1341":"U","1342":"A","1343":"A","1344":"U","1345":",","1346":"C","1347":"A","1348":"A","1349":"C","1350":",","1351":"M","1352":"A","1353":"A","1354":"Q","1355":"L","1356":",","1357":"Q","1358":"A","1359":"A","1360":"Q","1361":"M","1362":",","1363":"K","1364":"A","1365":"A","1366":"K","1367":",","1368":"C","1369":"A","1370":"A","1371":"C","1372":",","1373":"G","1374":"A","1375":"A","1376":"K","1377":"N","1378":",","1379":"Q","1380":"A","1381":"G","1382":"n","1383":"E","1384":",","1385":"M","1386":"A","1387":"A","1388":"M","1389":"O","1390":",","1391":"M","1392":"A","1393":"A","1394":"Q","1395":"H","1396":",","1397":"a","1398":"A","1399":"A","1400":"a","1401":"E","1402":",","1403":"K","1404":"A","1405":"A","1406":"K","1407":",","1408":"C","1409":"A","1410":"A","1411":"C","1412":",","1413":"E","1414":"A","1415":"A","1416":"G","1417":"L","1418":",","1419":"a","1420":"A","1421":"C","1422":"p","1423":"C","1424":",","1425":"M","1426":"A","1427":"A","1428":"M","1429":"O","1430":",","1431":"I","1432":"A","1433":"A","1434":"M","1435":"J","1436":",","1437":"a","1438":"A","1439":"A","1440":"a","1441":"E","1442":",","1443":"K","1444":"A","1445":"A","1446":"K","1447":",","1448":"C","1449":"A","1450":"A","1451":"C","1452":",","1453":"C","1454":"A","1455":"A","1456":"C","1457":"J","1458":",","1459":"W","1460":"A","1461":"G","1462":"h","1463":"C","1464":",","1465":"M","1466":"A","1467":"A","1468":"M","1469":"O","1470":",","1471":"O","1472":"A","1473":"A","1474":"S","1475":"T","1476":",","1477":"Q","1478":"A","1479":"A","1480":"Q","1481":"K","1482":",","1483":"U","1484":"A","1485":"A","1486":"U","1487":",","1488":"C","1489":"A","1490":"A","1491":"C","1492":",","1493":"M","1494":"A","1495":"A","1496":"Q","1497":",","1498":"K","1499":"A","1500":"A","1501":"O","1502":",","1503":"G","1504":"A","1505":"E","1506":"j","1507":"D","1508":",","1509":"M","1510":"A","1511":"A","1512":"O","1513":",","1514":"C","1515":"A","1516":"A","1517":"C","1518":",","1519":"E","1520":"A","1521":"A","1522":"E","1523":"I","1524":",","1525":"O","1526":"A","1527":"A","1528":"O","1529":",","1530":"E","1531":"A","1532":"A","1533":"E","1534":"F","1535":",","1536":"M","1537":"A","1538":"A","1539":"M","1540":",","1541":"G","1542":"A","1543":"A","1544":"G","1545":",","1546":"E","1547":"A","1548":"A","1549":"E","1550":"C","1551":",","1552":"I","1553":"A","1554":"A","1555":"I","1556":",","1557":"C","1558":"A","1559":"A","1560":"C","1561":",","1562":"A","1563":"A","1564":"C","1565":"r","1566":"C","1567":",","1568":"E","1569":"A","1570":"E","1571":"O","1572":",","1573":"S","1574":"A","1575":"A","1576":"S","1577":"T","1578":",","1579":"Q","1580":"A","1581":"A","1582":"Q","1583":"W","1584":",","1585":"S","1586":"A","1587":"A","1588":"o","1589":"B","1590":",","1591":"E","1592":"A","1593":"C","1594":"1","1595":"C","1596":",","1597":"G","1598":"A","1599":"A","1600":"I","1601":"A","1602":",","1603":"q","1604":"B","1605":"A","1606":"A","1607":"q","1608":"B","1609":"C","1610":",","1611":"o","1612":"B","1613":"A","1614":"A","1615":"Q","1616":",","1617":"C","1618":"A","1619":"A","1620":"E","1621":",","1622":"M","1623":"A","1624":"A","1625":"O","1626":",","1627":"W","1628":"A","1629":"C","1630":"1","1631":"C","1632":",","1633":"M","1634":"A","1635":"A","1636":"O","1637":",","1638":"S","1639":"A","1640":"C","1641":"T","1642":"\"","1643":"}"},"_coverageSchema":"1a1c01bbd47fc00a2c39e90264f33305004495a9","hash":"34d5157f19351b85d5290897028a6b22e1c312bb"}
}
